<?xml version="1.0" encoding="UTF-8"?>
<!-- Generated by org.testng.reporters.JUnitReportReporter -->
<testsuite hostname="DESKTOP-APK6A01" failures="0" tests="8" name="com.employeesapi.testcases.TC001_Get_All_Employees" time="0.018" errors="1" timestamp="01 Dec. 2022 23:54:59 GMT" skipped="7">
  <testcase classname="com.employeesapi.testcases.TC001_Get_All_Employees" name="checkStatusLine" time="0.000">
    <skipped/>
  </testcase> <!-- checkStatusLine -->
  <testcase classname="com.employeesapi.testcases.TC001_Get_All_Employees" name="checkserverType" time="0.000">
    <skipped/>
  </testcase> <!-- checkserverType -->
  <testcase classname="com.employeesapi.testcases.TC001_Get_All_Employees" name="getAllEmployees" time="0.018">
    <error message="Cannot invoke &quot;org.apache.log4j.Logger.info(Object)&quot; because &quot;this.logger&quot; is null" type="java.lang.NullPointerException">
      <![CDATA[java.lang.NullPointerException: Cannot invoke "org.apache.log4j.Logger.info(Object)" because "this.logger" is null
at com.employeesapi.testcases.TC001_Get_All_Employees.getAllEmployees(TC001_Get_All_Employees.java:22)
at java.base/jdk.internal.reflect.DirectMethodHandleAccessor.invoke(DirectMethodHandleAccessor.java:104)
at java.base/java.lang.reflect.Method.invoke(Method.java:577)
at org.testng.internal.MethodInvocationHelper.invokeMethod(MethodInvocationHelper.java:124)
at org.testng.internal.MethodInvocationHelper.invokeMethodConsideringTimeout(MethodInvocationHelper.java:59)
at org.testng.internal.Invoker.invokeConfigurationMethod(Invoker.java:458)
at org.testng.internal.Invoker.invokeConfigurations(Invoker.java:222)
at org.testng.internal.Invoker.invokeConfigurations(Invoker.java:142)
at org.testng.TestRunner.beforeRun(TestRunner.java:529)
at org.testng.TestRunner.run(TestRunner.java:497)
at org.testng.SuiteRunner.runTest(SuiteRunner.java:455)
at org.testng.SuiteRunner.runSequentially(SuiteRunner.java:450)
at org.testng.SuiteRunner.privateRun(SuiteRunner.java:415)
at org.testng.SuiteRunner.run(SuiteRunner.java:364)
at org.testng.SuiteRunnerWorker.runSuite(SuiteRunnerWorker.java:52)
at org.testng.SuiteRunnerWorker.run(SuiteRunnerWorker.java:84)
at org.testng.TestNG.runSuitesSequentially(TestNG.java:1208)
at org.testng.TestNG.runSuitesLocally(TestNG.java:1137)
at org.testng.TestNG.runSuites(TestNG.java:1049)
at org.testng.TestNG.run(TestNG.java:1017)
at org.testng.remote.AbstractRemoteTestNG.run(AbstractRemoteTestNG.java:115)
at org.testng.remote.RemoteTestNG.initAndRun(RemoteTestNG.java:251)
at org.testng.remote.RemoteTestNG.main(RemoteTestNG.java:77)
]]>
    </error>
  </testcase> <!-- getAllEmployees -->
  <testcase classname="com.employeesapi.testcases.TC001_Get_All_Employees" name="checkcontentEncoding" time="0.000">
    <skipped/>
  </testcase> <!-- checkcontentEncoding -->
  <testcase classname="com.employeesapi.testcases.TC001_Get_All_Employees" name="checkResponseTime" time="0.000">
    <skipped/>
  </testcase> <!-- checkResponseTime -->
  <testcase classname="com.employeesapi.testcases.TC001_Get_All_Employees" name="checkStatusCode" time="0.000">
    <skipped/>
  </testcase> <!-- checkStatusCode -->
  <testcase classname="com.employeesapi.testcases.TC001_Get_All_Employees" name="checkContentType" time="0.000">
    <skipped/>
  </testcase> <!-- checkContentType -->
  <testcase classname="com.employeesapi.testcases.TC001_Get_All_Employees" name="checkResponseBody" time="0.000">
    <skipped/>
  </testcase> <!-- checkResponseBody -->
</testsuite> <!-- com.employeesapi.testcases.TC001_Get_All_Employees -->
