<?xml version="1.0" encoding="UTF-8"?>
<!-- Generated by org.testng.reporters.JUnitReportReporter -->
<testsuite hostname="DESKTOP-APK6A01" failures="0" tests="3" name="com.employeesapi.testcases.TC003_Post_Employee_Record" time="0.036" errors="0" timestamp="02 Dec. 2022 02:35:08 GMT" skipped="0">
  <testcase classname="com.employeesapi.testcases.TC003_Post_Employee_Record" name="checkStatusCode" time="0.004"/>
  <testcase classname="com.employeesapi.testcases.TC003_Post_Employee_Record" name="checkContentType" time="0.009"/>
  <testcase classname="com.employeesapi.testcases.TC003_Post_Employee_Record" name="checkResponseBody" time="0.023"/>
</testsuite> <!-- com.employeesapi.testcases.TC003_Post_Employee_Record -->
