<?xml version="1.0" encoding="UTF-8"?>
<!-- Generated by org.testng.reporters.JUnitReportReporter -->
<testsuite hostname="DESKTOP-APK6A01" failures="0" tests="3" name="com.employeesapi.testcases.TC004_Put_Employee_Record" time="0.024" errors="0" timestamp="02 Dec. 2022 22:14:17 GMT" skipped="0">
  <testcase classname="com.employeesapi.testcases.TC004_Put_Employee_Record" name="checkContentType" time="0.009"/>
  <testcase classname="com.employeesapi.testcases.TC004_Put_Employee_Record" name="checkResponseBody" time="0.011"/>
  <testcase classname="com.employeesapi.testcases.TC004_Put_Employee_Record" name="checkStatusCode" time="0.004"/>
</testsuite> <!-- com.employeesapi.testcases.TC004_Put_Employee_Record -->
